# JRE version: OpenJDK Runtime Environment (8.0_242-b01) (build 1.8.0_242-release-1644-b01)
# Java VM: OpenJDK 64-Bit Server VM (25.242-b01 mixed mode windows-amd64 compressed oops)
Heap:
 PSYoungGen      total 66048K, used 40453K [0x00000000d5580000, 0x00000000d9a80000, 0x0000000100000000)
  eden space 61440K, 58% used [0x00000000d5580000,0x00000000d78895f8,0x00000000d9180000)
  from space 4608K, 99% used [0x00000000d9180000,0x00000000d95f8030,0x00000000d9600000)
  to   space 4608K, 0% used [0x00000000d9600000,0x00000000d9600000,0x00000000d9a80000)
 ParOldGen       total 57344K, used 20626K [0x0000000080000000, 0x0000000083800000, 0x00000000d5580000)
  object space 57344K, 35% used [0x0000000080000000,0x0000000081424870,0x0000000083800000)
 Metaspace       used 45547K, capacity 47492K, committed 47784K, reserved 1091584K
  class space    used 6165K, capacity 6546K, committed 6576K, reserved 1048576K
GC Heap History (10 events):
Event: 2.781 GC heap before
{Heap before GC invocations=9 (full 1):
 PSYoungGen      total 66048K, used 66016K [0x00000000d5580000, 0x00000000d9a80000, 0x0000000100000000)
  eden space 61440K, 100% used [0x00000000d5580000,0x00000000d9180000,0x00000000d9180000)
  from space 4608K, 99% used [0x00000000d9180000,0x00000000d95f8378,0x00000000d9600000)
  to   space 4608K, 0% used [0x00000000d9600000,0x00000000d9600000,0x00000000d9a80000)
 ParOldGen       total 57344K, used 12935K [0x0000000080000000, 0x0000000083800000, 0x00000000d5580000)
  object space 57344K, 22% used [0x0000000080000000,0x0000000080ca1cb0,0x0000000083800000)
 Metaspace       used 32555K, capacity 33524K, committed 33712K, reserved 1079296K
  class space    used 4440K, capacity 4686K, committed 4784K, reserved 1048576K
Event: 2.787 GC heap after
Heap after GC invocations=9 (full 1):
 PSYoungGen      total 66048K, used 4608K [0x00000000d5580000, 0x00000000d9a80000, 0x0000000100000000)
  eden space 61440K, 0% used [0x00000000d5580000,0x00000000d5580000,0x00000000d9180000)
  from space 4608K, 100% used [0x00000000d9600000,0x00000000d9a80000,0x00000000d9a80000)
  to   space 4608K, 0% used [0x00000000d9180000,0x00000000d9180000,0x00000000d9600000)
 ParOldGen       total 57344K, used 17124K [0x0000000080000000, 0x0000000083800000, 0x00000000d5580000)
  object space 57344K, 29% used [0x0000000080000000,0x00000000810b90d8,0x0000000083800000)
 Metaspace       used 32555K, capacity 33524K, committed 33712K, reserved 1079296K
  class space    used 4440K, capacity 4686K, committed 4784K, reserved 1048576K
}
Event: 2.970 GC heap before
{Heap before GC invocations=10 (full 1):
 PSYoungGen      total 66048K, used 39389K [0x00000000d5580000, 0x00000000d9a80000, 0x0000000100000000)
  eden space 61440K, 56% used [0x00000000d5580000,0x00000000d7777468,0x00000000d9180000)
  from space 4608K, 100% used [0x00000000d9600000,0x00000000d9a80000,0x00000000d9a80000)
  to   space 4608K, 0% used [0x00000000d9180000,0x00000000d9180000,0x00000000d9600000)
 ParOldGen       total 57344K, used 17124K [0x0000000080000000, 0x0000000083800000, 0x00000000d5580000)
  object space 57344K, 29% used [0x0000000080000000,0x00000000810b90d8,0x0000000083800000)
 Metaspace       used 34319K, capacity 35404K, committed 35496K, reserved 1079296K
  class space    used 4725K, capacity 5003K, committed 5040K, reserved 1048576K
Event: 2.975 GC heap after
Heap after GC invocations=10 (full 1):
 PSYoungGen      total 66048K, used 4608K [0x00000000d5580000, 0x00000000d9a80000, 0x0000000100000000)
  eden space 61440K, 0% used [0x00000000d5580000,0x00000000d5580000,0x00000000d9180000)
  from space 4608K, 100% used [0x00000000d9180000,0x00000000d9600000,0x00000000d9600000)
  to   space 4608K, 0% used [0x00000000d9600000,0x00000000d9600000,0x00000000d9a80000)
 ParOldGen       total 57344K, used 19646K [0x0000000080000000, 0x0000000083800000, 0x00000000d5580000)
  object space 57344K, 34% used [0x0000000080000000,0x000000008132f990,0x0000000083800000)
 Metaspace       used 34319K, capacity 35404K, committed 35496K, reserved 1079296K
  class space    used 4725K, capacity 5003K, committed 5040K, reserved 1048576K
}
Event: 2.975 GC heap before
{Heap before GC invocations=11 (full 2):
 PSYoungGen      total 66048K, used 4608K [0x00000000d5580000, 0x00000000d9a80000, 0x0000000100000000)
  eden space 61440K, 0% used [0x00000000d5580000,0x00000000d5580000,0x00000000d9180000)
  from space 4608K, 100% used [0x00000000d9180000,0x00000000d9600000,0x00000000d9600000)
  to   space 4608K, 0% used [0x00000000d9600000,0x00000000d9600000,0x00000000d9a80000)
 ParOldGen       total 57344K, used 19646K [0x0000000080000000, 0x0000000083800000, 0x00000000d5580000)
  object space 57344K, 34% used [0x0000000080000000,0x000000008132f990,0x0000000083800000)
 Metaspace       used 34319K, capacity 35404K, committed 35496K, reserved 1079296K
  class space    used 4725K, capacity 5003K, committed 5040K, reserved 1048576K
Event: 3.026 GC heap after
Heap after GC invocations=11 (full 2):
 PSYoungGen      total 66048K, used 0K [0x00000000d5580000, 0x00000000d9a80000, 0x0000000100000000)
  eden space 61440K, 0% used [0x00000000d5580000,0x00000000d5580000,0x00000000d9180000)
  from space 4608K, 0% used [0x00000000d9180000,0x00000000d9180000,0x00000000d9600000)
  to   space 4608K, 0% used [0x00000000d9600000,0x00000000d9600000,0x00000000d9a80000)
 ParOldGen       total 57344K, used 14740K [0x0000000080000000, 0x0000000083800000, 0x00000000d5580000)
  object space 57344K, 25% used [0x0000000080000000,0x0000000080e650b0,0x0000000083800000)
 Metaspace       used 34319K, capacity 35404K, committed 35496K, reserved 1079296K
  class space    used 4725K, capacity 5003K, committed 5040K, reserved 1048576K
}
Event: 3.491 GC heap before
{Heap before GC invocations=12 (full 2):
 PSYoungGen      total 66048K, used 61440K [0x00000000d5580000, 0x00000000d9a80000, 0x0000000100000000)
  eden space 61440K, 100% used [0x00000000d5580000,0x00000000d9180000,0x00000000d9180000)
  from space 4608K, 0% used [0x00000000d9180000,0x00000000d9180000,0x00000000d9600000)
  to   space 4608K, 0% used [0x00000000d9600000,0x00000000d9600000,0x00000000d9a80000)
 ParOldGen       total 57344K, used 14740K [0x0000000080000000, 0x0000000083800000, 0x00000000d5580000)
  object space 57344K, 25% used [0x0000000080000000,0x0000000080e650b0,0x0000000083800000)
 Metaspace       used 36352K, capacity 37964K, committed 38184K, reserved 1081344K
  class space    used 5002K, capacity 5357K, committed 5424K, reserved 1048576K
Event: 3.495 GC heap after
Heap after GC invocations=12 (full 2):
 PSYoungGen      total 66048K, used 4368K [0x00000000d5580000, 0x00000000d9a80000, 0x0000000100000000)
  eden space 61440K, 0% used [0x00000000d5580000,0x00000000d5580000,0x00000000d9180000)
  from space 4608K, 94% used [0x00000000d9600000,0x00000000d9a44340,0x00000000d9a80000)
  to   space 4608K, 0% used [0x00000000d9180000,0x00000000d9180000,0x00000000d9600000)
 ParOldGen       total 57344K, used 14748K [0x0000000080000000, 0x0000000083800000, 0x00000000d5580000)
  object space 57344K, 25% used [0x0000000080000000,0x0000000080e670b0,0x0000000083800000)
 Metaspace       used 36352K, capacity 37964K, committed 38184K, reserved 1081344K
  class space    used 5002K, capacity 5357K, committed 5424K, reserved 1048576K
}
Event: 4.118 GC heap before
{Heap before GC invocations=13 (full 2):
 PSYoungGen      total 66048K, used 65808K [0x00000000d5580000, 0x00000000d9a80000, 0x0000000100000000)
  eden space 61440K, 100% used [0x00000000d5580000,0x00000000d9180000,0x00000000d9180000)
  from space 4608K, 94% used [0x00000000d9600000,0x00000000d9a44340,0x00000000d9a80000)
  to   space 4608K, 0% used [0x00000000d9180000,0x00000000d9180000,0x00000000d9600000)
 ParOldGen       total 57344K, used 14748K [0x0000000080000000, 0x0000000083800000, 0x00000000d5580000)
  object space 57344K, 25% used [0x0000000080000000,0x0000000080e670b0,0x0000000083800000)
 Metaspace       used 42546K, capacity 44418K, committed 44584K, reserved 1087488K
  class space    used 5823K, capacity 6175K, committed 6192K, reserved 1048576K
Event: 4.125 GC heap after
Heap after GC invocations=13 (full 2):
 PSYoungGen      total 66048K, used 4576K [0x00000000d5580000, 0x00000000d9a80000, 0x0000000100000000)
  eden space 61440K, 0% used [0x00000000d5580000,0x00000000d5580000,0x00000000d9180000)
  from space 4608K, 99% used [0x00000000d9180000,0x00000000d95f8030,0x00000000d9600000)
  to   space 4608K, 0% used [0x00000000d9600000,0x00000000d9600000,0x00000000d9a80000)
 ParOldGen       total 57344K, used 20626K [0x0000000080000000, 0x0000000083800000, 0x00000000d5580000)
  object space 57344K, 35% used [0x0000000080000000,0x0000000081424870,0x0000000083800000)
 Metaspace       used 42546K, capacity 44418K, committed 44584K, reserved 1087488K
  class space    used 5823K, capacity 6175K, committed 6192K, reserved 1048576K
}

