# JRE version: OpenJDK Runtime Environment (8.0_242-b01) (build 1.8.0_242-release-1644-b01)
# Java VM: OpenJDK 64-Bit Server VM (25.242-b01 mixed mode windows-amd64 compressed oops)
Heap:
 PSYoungGen      total 69632K, used 49708K [0x00000000d5580000, 0x00000000dc900000, 0x0000000100000000)
  eden space 60416K, 69% used [0x00000000d5580000,0x00000000d7e3e928,0x00000000d9080000)
  from space 9216K, 86% used [0x00000000d9a80000,0x00000000da24c6f0,0x00000000da380000)
  to   space 10240K, 0% used [0x00000000d9080000,0x00000000d9080000,0x00000000d9a80000)
 ParOldGen       total 53248K, used 7670K [0x0000000080000000, 0x0000000083400000, 0x00000000d5580000)
  object space 53248K, 14% used [0x0000000080000000,0x000000008077dad0,0x0000000083400000)
 Metaspace       used 31700K, capacity 32680K, committed 32816K, reserved 1077248K
  class space    used 4314K, capacity 4541K, committed 4656K, reserved 1048576K
GC Heap History (10 events):
Event: 1.658 GC heap before
{Heap before GC invocations=5 (full 0):
 PSYoungGen      total 35328K, used 35296K [0x00000000d5580000, 0x00000000d9a80000, 0x0000000100000000)
  eden space 30720K, 100% used [0x00000000d5580000,0x00000000d7380000,0x00000000d7380000)
  from space 4608K, 99% used [0x00000000d7800000,0x00000000d7c78020,0x00000000d7c80000)
  to   space 4608K, 0% used [0x00000000d7380000,0x00000000d7380000,0x00000000d7800000)
 ParOldGen       total 80896K, used 3366K [0x0000000080000000, 0x0000000084f00000, 0x00000000d5580000)
  object space 80896K, 4% used [0x0000000080000000,0x0000000080349b88,0x0000000084f00000)
 Metaspace       used 16825K, capacity 17400K, committed 17664K, reserved 1064960K
  class space    used 2273K, capacity 2434K, committed 2560K, reserved 1048576K
Event: 1.664 GC heap after
Heap after GC invocations=5 (full 0):
 PSYoungGen      total 35328K, used 4592K [0x00000000d5580000, 0x00000000da380000, 0x0000000100000000)
  eden space 30720K, 0% used [0x00000000d5580000,0x00000000d5580000,0x00000000d7380000)
  from space 4608K, 99% used [0x00000000d7380000,0x00000000d77fc030,0x00000000d7800000)
  to   space 9216K, 0% used [0x00000000d9a80000,0x00000000d9a80000,0x00000000da380000)
 ParOldGen       total 80896K, used 6139K [0x0000000080000000, 0x0000000084f00000, 0x00000000d5580000)
  object space 80896K, 7% used [0x0000000080000000,0x00000000805feed0,0x0000000084f00000)
 Metaspace       used 16825K, capacity 17400K, committed 17664K, reserved 1064960K
  class space    used 2273K, capacity 2434K, committed 2560K, reserved 1048576K
}
Event: 1.941 GC heap before
{Heap before GC invocations=6 (full 0):
 PSYoungGen      total 35328K, used 35312K [0x00000000d5580000, 0x00000000da380000, 0x0000000100000000)
  eden space 30720K, 100% used [0x00000000d5580000,0x00000000d7380000,0x00000000d7380000)
  from space 4608K, 99% used [0x00000000d7380000,0x00000000d77fc030,0x00000000d7800000)
  to   space 9216K, 0% used [0x00000000d9a80000,0x00000000d9a80000,0x00000000da380000)
 ParOldGen       total 80896K, used 6139K [0x0000000080000000, 0x0000000084f00000, 0x00000000d5580000)
  object space 80896K, 7% used [0x0000000080000000,0x00000000805feed0,0x0000000084f00000)
 Metaspace       used 19532K, capacity 20166K, committed 20352K, reserved 1067008K
  class space    used 2708K, capacity 2877K, committed 2944K, reserved 1048576K
Event: 1.947 GC heap after
Heap after GC invocations=6 (full 0):
 PSYoungGen      total 69632K, used 8366K [0x00000000d5580000, 0x00000000da580000, 0x0000000100000000)
  eden space 60416K, 0% used [0x00000000d5580000,0x00000000d5580000,0x00000000d9080000)
  from space 9216K, 90% used [0x00000000d9a80000,0x00000000da2abbf8,0x00000000da380000)
  to   space 10240K, 0% used [0x00000000d9080000,0x00000000d9080000,0x00000000d9a80000)
 ParOldGen       total 80896K, used 6147K [0x0000000080000000, 0x0000000084f00000, 0x00000000d5580000)
  object space 80896K, 7% used [0x0000000080000000,0x0000000080600ed0,0x0000000084f00000)
 Metaspace       used 19532K, capacity 20166K, committed 20352K, reserved 1067008K
  class space    used 2708K, capacity 2877K, committed 2944K, reserved 1048576K
}
Event: 2.070 GC heap before
{Heap before GC invocations=7 (full 0):
 PSYoungGen      total 69632K, used 24352K [0x00000000d5580000, 0x00000000da580000, 0x0000000100000000)
  eden space 60416K, 26% used [0x00000000d5580000,0x00000000d651c540,0x00000000d9080000)
  from space 9216K, 90% used [0x00000000d9a80000,0x00000000da2abbf8,0x00000000da380000)
  to   space 10240K, 0% used [0x00000000d9080000,0x00000000d9080000,0x00000000d9a80000)
 ParOldGen       total 80896K, used 6147K [0x0000000080000000, 0x0000000084f00000, 0x00000000d5580000)
  object space 80896K, 7% used [0x0000000080000000,0x0000000080600ed0,0x0000000084f00000)
 Metaspace       used 20582K, capacity 21216K, committed 21296K, reserved 1067008K
  class space    used 2877K, capacity 3076K, committed 3120K, reserved 1048576K
Event: 2.076 GC heap after
Heap after GC invocations=7 (full 0):
 PSYoungGen      total 70656K, used 5187K [0x00000000d5580000, 0x00000000da580000, 0x0000000100000000)
  eden space 60416K, 0% used [0x00000000d5580000,0x00000000d5580000,0x00000000d9080000)
  from space 10240K, 50% used [0x00000000d9080000,0x00000000d9590ea0,0x00000000d9a80000)
  to   space 9216K, 0% used [0x00000000d9a80000,0x00000000d9a80000,0x00000000da380000)
 ParOldGen       total 80896K, used 8267K [0x0000000080000000, 0x0000000084f00000, 0x00000000d5580000)
  object space 80896K, 10% used [0x0000000080000000,0x0000000080812f40,0x0000000084f00000)
 Metaspace       used 20582K, capacity 21216K, committed 21296K, reserved 1067008K
  class space    used 2877K, capacity 3076K, committed 3120K, reserved 1048576K
}
Event: 2.076 GC heap before
{Heap before GC invocations=8 (full 1):
 PSYoungGen      total 70656K, used 5187K [0x00000000d5580000, 0x00000000da580000, 0x0000000100000000)
  eden space 60416K, 0% used [0x00000000d5580000,0x00000000d5580000,0x00000000d9080000)
  from space 10240K, 50% used [0x00000000d9080000,0x00000000d9590ea0,0x00000000d9a80000)
  to   space 9216K, 0% used [0x00000000d9a80000,0x00000000d9a80000,0x00000000da380000)
 ParOldGen       total 80896K, used 8267K [0x0000000080000000, 0x0000000084f00000, 0x00000000d5580000)
  object space 80896K, 10% used [0x0000000080000000,0x0000000080812f40,0x0000000084f00000)
 Metaspace       used 20582K, capacity 21216K, committed 21296K, reserved 1067008K
  class space    used 2877K, capacity 3076K, committed 3120K, reserved 1048576K
Event: 2.100 GC heap after
Heap after GC invocations=8 (full 1):
 PSYoungGen      total 70656K, used 0K [0x00000000d5580000, 0x00000000da580000, 0x0000000100000000)
  eden space 60416K, 0% used [0x00000000d5580000,0x00000000d5580000,0x00000000d9080000)
  from space 10240K, 0% used [0x00000000d9080000,0x00000000d9080000,0x00000000d9a80000)
  to   space 9216K, 0% used [0x00000000d9a80000,0x00000000d9a80000,0x00000000da380000)
 ParOldGen       total 53248K, used 7662K [0x0000000080000000, 0x0000000083400000, 0x00000000d5580000)
  object space 53248K, 14% used [0x0000000080000000,0x000000008077bad0,0x0000000083400000)
 Metaspace       used 20582K, capacity 21216K, committed 21296K, reserved 1067008K
  class space    used 2877K, capacity 3076K, committed 3120K, reserved 1048576K
}
Event: 2.678 GC heap before
{Heap before GC invocations=9 (full 1):
 PSYoungGen      total 70656K, used 60416K [0x00000000d5580000, 0x00000000da580000, 0x0000000100000000)
  eden space 60416K, 100% used [0x00000000d5580000,0x00000000d9080000,0x00000000d9080000)
  from space 10240K, 0% used [0x00000000d9080000,0x00000000d9080000,0x00000000d9a80000)
  to   space 9216K, 0% used [0x00000000d9a80000,0x00000000d9a80000,0x00000000da380000)
 ParOldGen       total 53248K, used 7662K [0x0000000080000000, 0x0000000083400000, 0x00000000d5580000)
  object space 53248K, 14% used [0x0000000080000000,0x000000008077bad0,0x0000000083400000)
 Metaspace       used 28385K, capacity 29206K, committed 29360K, reserved 1075200K
  class space    used 3921K, capacity 4155K, committed 4272K, reserved 1048576K
Event: 2.683 GC heap after
Heap after GC invocations=9 (full 1):
 PSYoungGen      total 69632K, used 7985K [0x00000000d5580000, 0x00000000dc900000, 0x0000000100000000)
  eden space 60416K, 0% used [0x00000000d5580000,0x00000000d5580000,0x00000000d9080000)
  from space 9216K, 86% used [0x00000000d9a80000,0x00000000da24c6f0,0x00000000da380000)
  to   space 10240K, 0% used [0x00000000d9080000,0x00000000d9080000,0x00000000d9a80000)
 ParOldGen       total 53248K, used 7670K [0x0000000080000000, 0x0000000083400000, 0x00000000d5580000)
  object space 53248K, 14% used [0x0000000080000000,0x000000008077dad0,0x0000000083400000)
 Metaspace       used 28385K, capacity 29206K, committed 29360K, reserved 1075200K
  class space    used 3921K, capacity 4155K, committed 4272K, reserved 1048576K
}

